<?xml version="1.0" encoding="UTF-8"?>
<!-- Generated by org.testng.reporters.JUnitReportReporter -->
<testsuite hostname="IN4-C139" failures="0" tests="1" name="MenuClick.JarClass" time="1.470" errors="0" timestamp="2023-01-23T16:47:24 IST" skipped="0">
  <testcase classname="MenuClick.JarClass" name="loginTest" time="1.470"/>
  <system-out/>
</testsuite> <!-- MenuClick.JarClass -->
