<?xml version="1.0" encoding="UTF-8"?>
<!-- Generated by org.testng.reporters.JUnitReportReporter -->
<testsuite hostname="IN4-C138" failures="0" tests="1" name="com.RE.Sales.Test.Leads_List_Test" time="95.043" errors="0" timestamp="2023-05-16T15:15:29 IST" skipped="0">
  <testcase classname="com.RE.Sales.Test.Leads_List_Test" name="Leads_List" time="95.043"/>
  <system-out/>
</testsuite> <!-- com.RE.Sales.Test.Leads_List_Test -->
