<?xml version="1.0" encoding="UTF-8"?>
<!-- Generated by org.testng.reporters.JUnitReportReporter -->
<testsuite hostname="IN4-C139" failures="0" tests="3" name="RoughClass.RoughClass" time="45.047" errors="0" timestamp="2023-01-25T17:13:46 IST" skipped="1">
  <testcase classname="RoughClass.RoughClass" name="writeExcel" time="10.605"/>
  <system-out/>
  <testcase classname="RoughClass.RoughClass" name="writeExcel" time="34.442"/>
  <system-out/>
  <testcase classname="RoughClass.RoughClass" name="chrome">
    <skipped/>
  </testcase> <!-- chrome -->
  <system-out/>
</testsuite> <!-- RoughClass.RoughClass -->
