<?xml version="1.0" encoding="UTF-8"?>
<!-- Generated by org.testng.reporters.JUnitReportReporter -->
<testsuite hostname="IN4-C138" failures="0" tests="1" name="com.RE.Sales.Create.Test.Sales_PaymentFlow_Test" time="225.260" errors="0" timestamp="2023-07-18T18:22:52 IST" skipped="0">
  <testcase classname="com.RE.Sales.Create.Test.Sales_PaymentFlow_Test" name="SalesPaymentFlowTest" time="225.260"/>
  <system-out/>
</testsuite> <!-- com.RE.Sales.Create.Test.Sales_PaymentFlow_Test -->
