<?xml version="1.0" encoding="UTF-8"?>
<!-- Generated by org.testng.reporters.JUnitReportReporter -->
<testsuite hostname="IN4-C138" failures="0" tests="1" name="com.RE.Sales.Create.Test.Sales_Leads_Create_Test" time="166.662" errors="0" timestamp="2023-05-22T13:20:24 IST" skipped="0">
  <testcase classname="com.RE.Sales.Create.Test.Sales_Leads_Create_Test" name="main" time="166.662"/>
  <system-out/>
</testsuite> <!-- com.RE.Sales.Create.Test.Sales_Leads_Create_Test -->
