<?xml version="1.0" encoding="UTF-8"?>
<!-- Generated by org.testng.reporters.JUnitReportReporter -->
<testsuite hostname="IN4-C138" failures="0" tests="1" name="com.RE.Sales.Create.Test.Leads_Create_Test" time="117.226" errors="0" timestamp="2023-06-19T09:52:12 IST" skipped="0">
  <testcase classname="com.RE.Sales.Create.Test.Leads_Create_Test" name="LeadsCreateTest" time="117.226"/>
  <system-out/>
</testsuite> <!-- com.RE.Sales.Create.Test.Leads_Create_Test -->
