<?xml version="1.0" encoding="UTF-8"?>
<!-- Generated by org.testng.reporters.JUnitReportReporter -->
<testsuite hostname="IN4-C138" failures="0" tests="1" name="com.RE.Engineering.Createpages.Test.Engg_BOQ_WO_Abstract_Create_Test" time="150.790" errors="0" timestamp="2023-07-24T18:40:29 IST" skipped="0">
  <testcase classname="com.RE.Engineering.Createpages.Test.Engg_BOQ_WO_Abstract_Create_Test" name="EnggTransactionCreate" time="150.790"/>
  <system-out/>
</testsuite> <!-- com.RE.Engineering.Createpages.Test.Engg_BOQ_WO_Abstract_Create_Test -->
