<?xml version="1.0" encoding="UTF-8"?>
<!-- Generated by org.testng.reporters.JUnitReportReporter -->
<testsuite hostname="IN4-C139" failures="0" tests="2" name="MenuClick.FullApplicationTestScripts2" time="5.928" errors="0" timestamp="2023-01-23T13:21:05 IST" skipped="0">
  <testcase classname="MenuClick.FullApplicationTestScripts2" name="loginTest" time="4.214"/>
  <system-out/>
  <testcase classname="MenuClick.FullApplicationTestScripts2" name="verify" time="1.714"/>
  <system-out/>
</testsuite> <!-- MenuClick.FullApplicationTestScripts2 -->
