<?xml version="1.0" encoding="UTF-8"?>
<!-- Generated by org.testng.reporters.JUnitReportReporter -->
<testsuite hostname="IN4-C139" failures="0" tests="1" name="com.RE.Engineering.Test.PO_List_Test" time="89.384" errors="0" timestamp="2023-01-06T09:08:57 IST" skipped="0">
  <testcase classname="com.RE.Engineering.Test.PO_List_Test" name="PO_List" time="89.384"/>
  <system-out/>
</testsuite> <!-- com.RE.Engineering.Test.PO_List_Test -->
