<?xml version="1.0" encoding="UTF-8"?>
<!-- Generated by org.testng.reporters.JUnitReportReporter -->
<testsuite hostname="IN4-C138" failures="0" tests="1" name="com.RE.Engineering.Test.CheckList_List_Test" time="38.675" errors="0" timestamp="2023-03-01T10:47:33 IST" skipped="0">
  <testcase classname="com.RE.Engineering.Test.CheckList_List_Test" name="checkListPage" time="38.675"/>
  <system-out/>
</testsuite> <!-- com.RE.Engineering.Test.CheckList_List_Test -->
