<?xml version="1.0" encoding="UTF-8"?>
<!-- Generated by org.testng.reporters.JUnitReportReporter -->
<testsuite hostname="IN4-C139" failures="0" tests="2" name="TestScripts.RoughClass" time="19.484" errors="1" timestamp="2022-11-14T16:12:55 IST" skipped="0">
  <testcase classname="TestScripts.RoughClass" name="runTset" time="1.519">
    <error message="TestScripts/FullApplicationTestScripts (wrong name: testScripts/FullApplicationTestScripts)" type="java.lang.NoClassDefFoundError">
      <![CDATA[java.lang.NoClassDefFoundError: TestScripts/FullApplicationTestScripts (wrong name: testScripts/FullApplicationTestScripts)
at java.base/java.lang.ClassLoader.defineClass1(Native Method)
at java.base/java.lang.ClassLoader.defineClass(ClassLoader.java:1013)
at java.base/java.security.SecureClassLoader.defineClass(SecureClassLoader.java:150)
at java.base/jdk.internal.loader.BuiltinClassLoader.defineClass(BuiltinClassLoader.java:862)
at java.base/jdk.internal.loader.BuiltinClassLoader.findClassOnClassPathOrNull(BuiltinClassLoader.java:760)
at java.base/jdk.internal.loader.BuiltinClassLoader.loadClassOrNull(BuiltinClassLoader.java:681)
at java.base/jdk.internal.loader.BuiltinClassLoader.loadClass(BuiltinClassLoader.java:639)
at java.base/jdk.internal.loader.ClassLoaders$AppClassLoader.loadClass(ClassLoaders.java:188)
at java.base/java.lang.ClassLoader.loadClass(ClassLoader.java:521)
at java.base/java.lang.Class.forName0(Native Method)
at java.base/java.lang.Class.forName(Class.java:383)
at java.base/java.lang.Class.forName(Class.java:376)
at org.testng.internal.ClassHelper.forName(ClassHelper.java:94)
at org.testng.xml.XmlClass.loadClass(XmlClass.java:72)
at org.testng.xml.XmlClass.init(XmlClass.java:67)
at org.testng.xml.XmlClass.<init>(XmlClass.java:54)
at org.testng.xml.TestNGContentHandler.startElement(TestNGContentHandler.java:576)
at org.apache.xerces.parsers.AbstractSAXParser.startElement(Unknown Source)
at org.apache.xerces.impl.XMLDocumentFragmentScannerImpl.scanStartElement(Unknown Source)
at org.apache.xerces.impl.XMLDocumentFragmentScannerImpl$FragmentContentDispatcher.dispatch(Unknown Source)
at org.apache.xerces.impl.XMLDocumentFragmentScannerImpl.scanDocument(Unknown Source)
at org.apache.xerces.parsers.XML11Configuration.parse(Unknown Source)
at org.apache.xerces.parsers.XML11Configuration.parse(Unknown Source)
at org.apache.xerces.parsers.XMLParser.parse(Unknown Source)
at org.apache.xerces.parsers.AbstractSAXParser.parse(Unknown Source)
at org.apache.xerces.jaxp.SAXParserImpl$JAXPSAXParser.parse(Unknown Source)
at org.apache.xerces.jaxp.SAXParserImpl.parse(Unknown Source)
at java.xml/javax.xml.parsers.SAXParser.parse(SAXParser.java:197)
at org.testng.xml.XMLParser.parse(XMLParser.java:39)
at org.testng.xml.SuiteXmlParser.parse(SuiteXmlParser.java:16)
at org.testng.xml.SuiteXmlParser.parse(SuiteXmlParser.java:9)
at org.testng.xml.Parser.parse(Parser.java:164)
at org.testng.xml.Parser.parse(Parser.java:250)
at org.testng.TestNG.parseSuite(TestNG.java:324)
at org.testng.TestNG.initializeSuitesAndJarFile(TestNG.java:376)
at org.testng.TestNG.initializeEverything(TestNG.java:1011)
at org.testng.TestNG.run(TestNG.java:1023)
at Utility.XMLUtility.autoRunXml(XMLUtility.java:135)
at TestScripts.RoughClass.runTset(RoughClass.java:24)
at java.base/jdk.internal.reflect.DirectMethodHandleAccessor.invoke(DirectMethodHandleAccessor.java:104)
at java.base/java.lang.reflect.Method.invoke(Method.java:577)
at org.testng.internal.MethodInvocationHelper.invokeMethod(MethodInvocationHelper.java:133)
at org.testng.internal.TestInvoker.invokeMethod(TestInvoker.java:598)
at org.testng.internal.TestInvoker.invokeTestMethod(TestInvoker.java:173)
at org.testng.internal.MethodRunner.runInSequence(MethodRunner.java:46)
at org.testng.internal.TestInvoker$MethodInvocationAgent.invoke(TestInvoker.java:824)
at org.testng.internal.TestInvoker.invokeTestMethods(TestInvoker.java:146)
at org.testng.internal.TestMethodWorker.invokeTestMethods(TestMethodWorker.java:146)
at org.testng.internal.TestMethodWorker.run(TestMethodWorker.java:128)
at java.base/java.util.ArrayList.forEach(ArrayList.java:1511)
at org.testng.TestRunner.privateRun(TestRunner.java:794)
at org.testng.TestRunner.run(TestRunner.java:596)
at org.testng.SuiteRunner.runTest(SuiteRunner.java:377)
at org.testng.SuiteRunner.runSequentially(SuiteRunner.java:371)
at org.testng.SuiteRunner.privateRun(SuiteRunner.java:332)
at org.testng.SuiteRunner.run(SuiteRunner.java:276)
at org.testng.SuiteRunnerWorker.runSuite(SuiteRunnerWorker.java:53)
at org.testng.SuiteRunnerWorker.run(SuiteRunnerWorker.java:96)
at org.testng.TestNG.runSuitesSequentially(TestNG.java:1212)
at org.testng.TestNG.runSuitesLocally(TestNG.java:1134)
at org.testng.TestNG.runSuites(TestNG.java:1063)
at org.testng.TestNG.run(TestNG.java:1031)
at org.testng.remote.AbstractRemoteTestNG.run(AbstractRemoteTestNG.java:115)
at org.testng.remote.RemoteTestNG.initAndRun(RemoteTestNG.java:251)
at org.testng.remote.RemoteTestNG.main(RemoteTestNG.java:77)
]]>
    </error>
  </testcase> <!-- runTset -->
  <system-out/>
  <testcase classname="TestScripts.RoughClass" name="Indent_List" time="17.965"/>
  <system-out/>
</testsuite> <!-- TestScripts.RoughClass -->
