<?xml version="1.0" encoding="UTF-8"?>
<!-- Generated by org.testng.reporters.JUnitReportReporter -->
<testsuite hostname="IN4-C139" failures="0" tests="1" name="com.RE.Engineering.Test.ServiceIndent_List_Test" time="23.547" errors="0" timestamp="2023-01-06T09:50:27 IST" skipped="0">
  <testcase classname="com.RE.Engineering.Test.ServiceIndent_List_Test" name="serviceIndents" time="23.547"/>
  <system-out/>
</testsuite> <!-- com.RE.Engineering.Test.ServiceIndent_List_Test -->
