<?xml version="1.0" encoding="UTF-8"?>
<!-- Generated by org.testng.reporters.JUnitReportReporter -->
<testsuite hostname="IN4-C138" failures="0" tests="1" name="com.RE.Sales.Create.Test.Create_Booking_Test" time="308.428" errors="0" timestamp="2023-06-19T12:38:53 IST" skipped="0">
  <testcase classname="com.RE.Sales.Create.Test.Create_Booking_Test" name="LeadsCreateTest" time="308.428"/>
  <system-out/>
</testsuite> <!-- com.RE.Sales.Create.Test.Create_Booking_Test -->
