<?xml version="1.0" encoding="UTF-8"?>
<!-- Generated by org.testng.reporters.JUnitReportReporter -->
<testsuite hostname="IN4-C138" failures="0" tests="1" name="com.RE.Engineering.Test.Material_Budget_List_Test" time="61.647" errors="0" timestamp="2023-04-07T11:54:06 IST" skipped="0">
  <testcase classname="com.RE.Engineering.Test.Material_Budget_List_Test" name="Indent_List" time="61.647"/>
  <system-out/>
</testsuite> <!-- com.RE.Engineering.Test.Material_Budget_List_Test -->
