<?xml version="1.0" encoding="UTF-8"?>
<!-- Generated by org.testng.reporters.JUnitReportReporter -->
<testsuite hostname="IN4-C138" failures="0" tests="1" name="Utilities.ZAPSecurityTest" time="40.363" errors="0" timestamp="2023-08-01T12:26:07 IST" skipped="0">
  <testcase classname="Utilities.ZAPSecurityTest" name="IN4SuiteSecurityTest" time="40.363"/>
</testsuite> <!-- Utilities.ZAPSecurityTest -->
