<?xml version="1.0" encoding="UTF-8"?>
<!-- Generated by org.testng.reporters.JUnitReportReporter -->
<testsuite hostname="IN4-C138" failures="0" tests="2" name="TestScripts.FullApplicationTestScripts2" time="41.855" errors="0" timestamp="19 Jun 2023 10:38:21 GMT">
  <testcase classname="TestScripts.FullApplicationTestScripts2" name="verify" time="5.658"/>
  <testcase classname="TestScripts.FullApplicationTestScripts2" name="loginTest" time="36.197"/>
</testsuite> <!-- TestScripts.FullApplicationTestScripts2 -->
