<?xml version="1.0" encoding="UTF-8"?>
<!-- Generated by org.testng.reporters.JUnitReportReporter -->
<testsuite hostname="IN4-C138" failures="0" tests="1" name="com.RE.Engineering.Test.Modification_List_Test" time="49.580" errors="0" timestamp="2023-02-15T14:49:53 IST" skipped="0">
  <testcase classname="com.RE.Engineering.Test.Modification_List_Test" name="modificationList" time="49.580"/>
  <system-out/>
</testsuite> <!-- com.RE.Engineering.Test.Modification_List_Test -->
