<?xml version="1.0" encoding="UTF-8"?>
<!-- Generated by org.testng.reporters.JUnitReportReporter -->
<testsuite hostname="IN4-C138" failures="0" tests="1" name="com.RE.Sales.Test.EnggMilestone_List_Test" time="43.270" errors="0" timestamp="2023-02-28T09:27:33 IST" skipped="0">
  <testcase classname="com.RE.Sales.Test.EnggMilestone_List_Test" name="Leads_List" time="43.270"/>
  <system-out/>
</testsuite> <!-- com.RE.Sales.Test.EnggMilestone_List_Test -->
