<?xml version="1.0" encoding="UTF-8"?>
<!-- Generated by org.testng.reporters.JUnitReportReporter -->
<testsuite hostname="IN4-C138" failures="0" tests="1" name="com.RE.Engineering.Createpages.Test.Workorder_Create_Test" time="234.615" errors="0" timestamp="2023-06-23T11:38:34 IST" skipped="0">
  <testcase classname="com.RE.Engineering.Createpages.Test.Workorder_Create_Test" name="WOcreate" time="234.615"/>
  <system-out/>
</testsuite> <!-- com.RE.Engineering.Createpages.Test.Workorder_Create_Test -->
