<?xml version="1.0" encoding="UTF-8"?>
<!-- Generated by org.testng.reporters.JUnitReportReporter -->
<testsuite hostname="IN4-C139" failures="0" tests="1" name="MenuClick.RoughClass" time="1.955" errors="0" timestamp="2022-11-14T18:43:45 IST" skipped="0">
  <testcase classname="MenuClick.RoughClass" name="runTset" time="1.955"/>
  <system-out/>
</testsuite> <!-- MenuClick.RoughClass -->
