<?xml version="1.0" encoding="UTF-8"?>
<!-- Generated by org.testng.reporters.JUnitReportReporter -->
<testsuite hostname="IN4-C138" failures="0" tests="1" name="com.RE.Engineering.Test.Modification_List_Test" time="46.534" errors="0" timestamp="2023-04-12T12:29:47 IST" skipped="0">
  <testcase classname="com.RE.Engineering.Test.Modification_List_Test" name="modificationList" time="46.534"/>
  <system-out/>
</testsuite> <!-- com.RE.Engineering.Test.Modification_List_Test -->
