<?xml version="1.0" encoding="UTF-8"?>
<!-- Generated by org.testng.reporters.JUnitReportReporter -->
<testsuite hostname="IN4-C138" failures="0" tests="1" name="com.RE.Sales.Create.Test.Transaction_Create_Test" time="227.549" errors="0" timestamp="2023-07-18T11:36:29 IST" skipped="0">
  <testcase classname="com.RE.Sales.Create.Test.Transaction_Create_Test" name="transactionCreateTest" time="227.549"/>
  <system-out/>
</testsuite> <!-- com.RE.Sales.Create.Test.Transaction_Create_Test -->
