<?xml version="1.0" encoding="UTF-8"?>
<!-- Generated by org.testng.reporters.JUnitReportReporter -->
<testsuite hostname="IN4-C138" failures="0" tests="1" name="com.RE.Sales.Create.Test.Sales_Receipt_Create_Test" time="339.326" errors="0" timestamp="2023-06-19T13:31:07 IST" skipped="0">
  <testcase classname="com.RE.Sales.Create.Test.Sales_Receipt_Create_Test" name="transactionCreateTest" time="339.326"/>
  <system-out/>
</testsuite> <!-- com.RE.Sales.Create.Test.Sales_Receipt_Create_Test -->
