<?xml version="1.0" encoding="UTF-8"?>
<!-- Generated by org.testng.reporters.JUnitReportReporter -->
<testsuite hostname="IN4-C138" failures="0" tests="2" name="MenuClick.FullApplicationTestScripts" time="1673.828" errors="0" timestamp="2023-01-31T15:39:28 IST" skipped="0">
  <testcase classname="MenuClick.FullApplicationTestScripts" name="verify" time="1645.590"/>
  <system-out/>
  <testcase classname="MenuClick.FullApplicationTestScripts" name="loginTest" time="28.238"/>
  <system-out/>
</testsuite> <!-- MenuClick.FullApplicationTestScripts -->
