<?xml version="1.0" encoding="UTF-8"?>
<!-- Generated by org.testng.reporters.JUnitReportReporter -->
<testsuite hostname="IN4-C138" failures="0" tests="1" name="AppTests.ZAPSecurityTest" time="28.852" errors="0" timestamp="2023-07-28T15:17:57 IST" skipped="0">
  <testcase classname="AppTests.ZAPSecurityTest" name="IN4SuiteSecurityTest" time="28.852"/>
</testsuite> <!-- AppTests.ZAPSecurityTest -->
