<?xml version="1.0" encoding="UTF-8"?>
<!-- Generated by org.testng.reporters.JUnitReportReporter -->
<testsuite hostname="IN4-C138" failures="0" tests="1" name="com.RE.Engineering.Test.CheckList_List_Test" time="34.631" errors="0" timestamp="2023-04-12T12:39:51 IST" skipped="0">
  <testcase classname="com.RE.Engineering.Test.CheckList_List_Test" name="checkListPage" time="34.631"/>
  <system-out/>
</testsuite> <!-- com.RE.Engineering.Test.CheckList_List_Test -->
